-------------------------------------------------------------------------------
Test set: guru.springfamework.services.CustomerServiceImplITTest
-------------------------------------------------------------------------------
Tests run: 2, Failures: 1, Errors: 0, Skipped: 0, Time elapsed: 5.347 s <<< FAILURE! - in guru.springfamework.services.CustomerServiceImplITTest
testPatchCustomerUpdateFirstName(guru.springfamework.services.CustomerServiceImplITTest)  Time elapsed: 0.093 s  <<< FAILURE!
java.lang.AssertionError: 

Expected: "UpdatedName"
     but: was "Weston"
	at guru.springfamework.services.CustomerServiceImplITTest.testPatchCustomerUpdateFirstName(CustomerServiceImplITTest.java:74)

