<?xml version="1.0" encoding="UTF-8"?>
<testsuite xmlns:xsi="http://www.w3.org/2001/XMLSchema-instance" xsi:noNamespaceSchemaLocation="https://maven.apache.org/surefire/maven-surefire-plugin/xsd/surefire-test-report.xsd" name="guru.springfamework.domain.controllers.v1.CategoryControllerTest" time="3.238" tests="3" errors="0" skipped="0" failures="2">
  <properties>
[...]
</properties>
  <testcase name="testListCategories" classname="guru.springfamework.domain.controllers.v1.CategoryControllerTest" time="2.772">
    <failure message="No value at JSON path &quot;$.categories&quot;" type="java.lang.AssertionError">java.lang.AssertionError: No value at JSON path "$.categories"
	at guru.springfamework.domain.controllers.v1.CategoryControllerTest.testListCategories(CategoryControllerTest.java:68)
Caused by: com.jayway.jsonpath.PathNotFoundException: Expected to find an object with property ['categories'] in path $ but found 'java.lang.String'. This is not a json object according to the JsonProvider: 'com.jayway.jsonpath.spi.json.JsonSmartJsonProvider'.
	at guru.springfamework.domain.controllers.v1.CategoryControllerTest.testListCategories(CategoryControllerTest.java:68)
</failure>
    <system-out><![CDATA[15:37:02.225 [main] DEBUG org.springframework.web.servlet.mvc.method.annotation.RequestMappingHandlerMapping - 2 mappings in <unknown>
15:37:02.588 [main] DEBUG org.jboss.logging - Logging Provider: org.jboss.logging.Log4j2LoggerProvider
15:37:02.591 [main] INFO org.hibernate.validator.internal.util.Version - HV000001: Hibernate Validator 6.0.13.Final
15:37:02.611 [main] DEBUG org.hibernate.validator.internal.engine.resolver.TraversableResolvers - Found javax.persistence.Persistence on classpath containing 'getPersistenceUtil'. Assuming JPA 2 environment. Trying to instantiate JPA aware TraversableResolver
15:37:02.614 [main] DEBUG org.hibernate.validator.internal.engine.resolver.TraversableResolvers - Instantiated JPA aware TraversableResolver of type org.hibernate.validator.internal.engine.resolver.JPATraversableResolver.
15:37:02.643 [main] DEBUG org.hibernate.validator.messageinterpolation.ResourceBundleMessageInterpolator - Loaded expression factory via original TCCL
15:37:02.643 [main] DEBUG org.hibernate.validator.internal.engine.ConfigurationImpl - Setting custom MessageInterpolator of type org.springframework.validation.beanvalidation.LocaleContextMessageInterpolator
15:37:02.645 [main] DEBUG org.hibernate.validator.internal.engine.ConfigurationImpl - Setting custom ParameterNameProvider of type org.springframework.validation.beanvalidation.LocalValidatorFactoryBean$1
15:37:02.651 [main] DEBUG org.hibernate.validator.internal.xml.config.ValidationXmlParser - Trying to load META-INF/validation.xml for XML based Validator configuration.
15:37:02.673 [main] DEBUG org.hibernate.validator.internal.xml.config.ResourceLoaderHelper - Trying to load META-INF/validation.xml via TCCL
15:37:02.674 [main] DEBUG org.hibernate.validator.internal.xml.config.ResourceLoaderHelper - Trying to load META-INF/validation.xml via Hibernate Validator's class loader
15:37:02.681 [main] DEBUG org.hibernate.validator.internal.xml.config.ValidationXmlParser - No META-INF/validation.xml found. Using annotation based configuration only.
15:37:02.916 [main] DEBUG org.hibernate.validator.internal.engine.ValidatorFactoryImpl - HV000234: Using org.springframework.validation.beanvalidation.LocaleContextMessageInterpolator as ValidatorFactory-scoped message interpolator.
15:37:02.970 [main] DEBUG org.hibernate.validator.internal.engine.ValidatorFactoryImpl - HV000234: Using org.hibernate.validator.internal.engine.resolver.JPATraversableResolver as ValidatorFactory-scoped traversable resolver.
15:37:02.972 [main] DEBUG org.hibernate.validator.internal.engine.ValidatorFactoryImpl - HV000234: Using org.hibernate.validator.internal.util.ExecutableParameterNameProvider as ValidatorFactory-scoped parameter name provider.
15:37:02.976 [main] DEBUG org.hibernate.validator.internal.engine.ValidatorFactoryImpl - HV000234: Using org.hibernate.validator.internal.engine.DefaultClockProvider as ValidatorFactory-scoped clock provider.
15:37:02.976 [main] DEBUG org.hibernate.validator.internal.engine.ValidatorFactoryImpl - HV000234: Using org.hibernate.validator.internal.engine.scripting.DefaultScriptEvaluatorFactory as ValidatorFactory-scoped script evaluator factory.
15:37:03.052 [main] DEBUG org.springframework.web.servlet.mvc.method.annotation.RequestMappingHandlerAdapter - ControllerAdvice beans: 0 @ModelAttribute, 0 @InitBinder, 1 RequestBodyAdvice, 1, ResponseBodyAdvice
15:37:03.093 [main] DEBUG org.springframework.web.servlet.mvc.method.annotation.ExceptionHandlerExceptionResolver - ControllerAdvice beans: 1 @ExceptionHandler, 1 ResponseBodyAdvice
15:37:03.120 [main] INFO org.springframework.mock.web.MockServletContext - Initializing Spring TestDispatcherServlet ''
15:37:03.120 [main] INFO org.springframework.test.web.servlet.TestDispatcherServlet - Initializing Servlet ''
15:37:03.124 [main] DEBUG org.springframework.test.web.servlet.TestDispatcherServlet - Detected AcceptHeaderLocaleResolver
15:37:03.124 [main] DEBUG org.springframework.test.web.servlet.TestDispatcherServlet - Detected FixedThemeResolver
15:37:03.124 [main] DEBUG org.springframework.test.web.servlet.TestDispatcherServlet - Detected org.springframework.web.servlet.view.DefaultRequestToViewNameTranslator@22fa55b2
15:37:03.125 [main] DEBUG org.springframework.test.web.servlet.TestDispatcherServlet - Detected org.springframework.web.servlet.support.SessionFlashMapManager@4d666b41
15:37:03.125 [main] DEBUG org.springframework.test.web.servlet.TestDispatcherServlet - enableLoggingRequestDetails='false': request parameters and headers will be masked to prevent unsafe logging of potentially sensitive data
15:37:03.126 [main] INFO org.springframework.test.web.servlet.TestDispatcherServlet - Completed initialization in 5 ms
15:37:03.199 [main] DEBUG org.springframework.test.web.servlet.TestDispatcherServlet - GET "/api/v1/categories", parameters={}
15:37:03.209 [main] DEBUG org.springframework.web.servlet.mvc.method.annotation.RequestMappingHandlerMapping - Mapped to public guru.springfamework.api.v1.model.CategoryListDTO guru.springfamework.domain.controllers.v1.CategoryController.getAllCategories()
15:37:03.367 [main] DEBUG org.springframework.web.servlet.mvc.method.annotation.RequestResponseBodyMethodProcessor - Using 'application/xml', given [*/*] and supported [application/xml, text/xml, application/*+xml, application/json, application/*+json]
15:37:03.371 [main] DEBUG org.springframework.web.servlet.mvc.method.annotation.RequestResponseBodyMethodProcessor - Writing [CategoryListDTO(categories=[CategoryDTO(id=1, name=Jim), CategoryDTO(id=2, name=Bob)])]
15:37:03.445 [main] DEBUG org.springframework.test.web.servlet.TestDispatcherServlet - Completed 200 OK
15:37:03.563 [main] DEBUG com.jayway.jsonpath.internal.path.CompiledPath - Evaluating path: $['categories']
]]></system-out>
  </testcase>
  <testcase name="testGetByNameCategories" classname="guru.springfamework.domain.controllers.v1.CategoryControllerTest" time="0.169">
    <failure message="No value at JSON path &quot;$.name&quot;" type="java.lang.AssertionError">java.lang.AssertionError: No value at JSON path "$.name"
	at guru.springfamework.domain.controllers.v1.CategoryControllerTest.testGetByNameCategories(CategoryControllerTest.java:82)
Caused by: com.jayway.jsonpath.PathNotFoundException: Expected to find an object with property ['name'] in path $ but found 'java.lang.String'. This is not a json object according to the JsonProvider: 'com.jayway.jsonpath.spi.json.JsonSmartJsonProvider'.
	at guru.springfamework.domain.controllers.v1.CategoryControllerTest.testGetByNameCategories(CategoryControllerTest.java:82)
</failure>
    <system-out><![CDATA[15:37:03.577 [main] DEBUG org.springframework.web.servlet.mvc.method.annotation.RequestMappingHandlerMapping - 2 mappings in <unknown>
15:37:03.598 [main] DEBUG org.hibernate.validator.internal.engine.resolver.TraversableResolvers - Found javax.persistence.Persistence on classpath containing 'getPersistenceUtil'. Assuming JPA 2 environment. Trying to instantiate JPA aware TraversableResolver
15:37:03.599 [main] DEBUG org.hibernate.validator.internal.engine.resolver.TraversableResolvers - Instantiated JPA aware TraversableResolver of type org.hibernate.validator.internal.engine.resolver.JPATraversableResolver.
15:37:03.599 [main] DEBUG org.hibernate.validator.messageinterpolation.ResourceBundleMessageInterpolator - Loaded expression factory via original TCCL
15:37:03.600 [main] DEBUG org.hibernate.validator.internal.engine.ConfigurationImpl - Setting custom MessageInterpolator of type org.springframework.validation.beanvalidation.LocaleContextMessageInterpolator
15:37:03.600 [main] DEBUG org.hibernate.validator.internal.engine.ConfigurationImpl - Setting custom ParameterNameProvider of type org.springframework.validation.beanvalidation.LocalValidatorFactoryBean$1
15:37:03.611 [main] DEBUG org.hibernate.validator.internal.xml.config.ValidationXmlParser - Trying to load META-INF/validation.xml for XML based Validator configuration.
15:37:03.612 [main] DEBUG org.hibernate.validator.internal.xml.config.ResourceLoaderHelper - Trying to load META-INF/validation.xml via TCCL
15:37:03.612 [main] DEBUG org.hibernate.validator.internal.xml.config.ResourceLoaderHelper - Trying to load META-INF/validation.xml via Hibernate Validator's class loader
15:37:03.613 [main] DEBUG org.hibernate.validator.internal.xml.config.ValidationXmlParser - No META-INF/validation.xml found. Using annotation based configuration only.
15:37:03.634 [main] DEBUG org.hibernate.validator.internal.engine.ValidatorFactoryImpl - HV000234: Using org.springframework.validation.beanvalidation.LocaleContextMessageInterpolator as ValidatorFactory-scoped message interpolator.
15:37:03.635 [main] DEBUG org.hibernate.validator.internal.engine.ValidatorFactoryImpl - HV000234: Using org.hibernate.validator.internal.engine.resolver.JPATraversableResolver as ValidatorFactory-scoped traversable resolver.
15:37:03.637 [main] DEBUG org.hibernate.validator.internal.engine.ValidatorFactoryImpl - HV000234: Using org.hibernate.validator.internal.util.ExecutableParameterNameProvider as ValidatorFactory-scoped parameter name provider.
15:37:03.638 [main] DEBUG org.hibernate.validator.internal.engine.ValidatorFactoryImpl - HV000234: Using org.hibernate.validator.internal.engine.DefaultClockProvider as ValidatorFactory-scoped clock provider.
15:37:03.640 [main] DEBUG org.hibernate.validator.internal.engine.ValidatorFactoryImpl - HV000234: Using org.hibernate.validator.internal.engine.scripting.DefaultScriptEvaluatorFactory as ValidatorFactory-scoped script evaluator factory.
15:37:03.648 [main] DEBUG org.springframework.web.servlet.mvc.method.annotation.RequestMappingHandlerAdapter - ControllerAdvice beans: 0 @ModelAttribute, 0 @InitBinder, 1 RequestBodyAdvice, 1, ResponseBodyAdvice
15:37:03.668 [main] DEBUG org.springframework.web.servlet.mvc.method.annotation.ExceptionHandlerExceptionResolver - ControllerAdvice beans: 1 @ExceptionHandler, 1 ResponseBodyAdvice
15:37:03.670 [main] INFO org.springframework.mock.web.MockServletContext - Initializing Spring TestDispatcherServlet ''
15:37:03.671 [main] INFO org.springframework.test.web.servlet.TestDispatcherServlet - Initializing Servlet ''
15:37:03.672 [main] DEBUG org.springframework.test.web.servlet.TestDispatcherServlet - Detected AcceptHeaderLocaleResolver
15:37:03.673 [main] DEBUG org.springframework.test.web.servlet.TestDispatcherServlet - Detected FixedThemeResolver
15:37:03.673 [main] DEBUG org.springframework.test.web.servlet.TestDispatcherServlet - Detected org.springframework.web.servlet.view.DefaultRequestToViewNameTranslator@303a5119
15:37:03.673 [main] DEBUG org.springframework.test.web.servlet.TestDispatcherServlet - Detected org.springframework.web.servlet.support.SessionFlashMapManager@75b3673
15:37:03.673 [main] DEBUG org.springframework.test.web.servlet.TestDispatcherServlet - enableLoggingRequestDetails='false': request parameters and headers will be masked to prevent unsafe logging of potentially sensitive data
15:37:03.674 [main] INFO org.springframework.test.web.servlet.TestDispatcherServlet - Completed initialization in 2 ms
15:37:03.678 [main] DEBUG org.springframework.test.web.servlet.TestDispatcherServlet - GET "/api/v1/categories/Jim", parameters={}
15:37:03.679 [main] DEBUG org.springframework.web.servlet.mvc.method.annotation.RequestMappingHandlerMapping - Mapped to public guru.springfamework.api.v1.model.CategoryDTO guru.springfamework.domain.controllers.v1.CategoryController.getCategoryByName(java.lang.String)
15:37:03.711 [main] DEBUG org.springframework.web.servlet.mvc.method.annotation.RequestResponseBodyMethodProcessor - Using 'application/xml', given [*/*] and supported [application/xml, text/xml, application/*+xml, application/json, application/*+json]
15:37:03.712 [main] DEBUG org.springframework.web.servlet.mvc.method.annotation.RequestResponseBodyMethodProcessor - Writing [CategoryDTO(id=1, name=Jim)]
15:37:03.724 [main] DEBUG org.springframework.test.web.servlet.TestDispatcherServlet - Completed 200 OK
15:37:03.724 [main] DEBUG com.jayway.jsonpath.internal.path.CompiledPath - Evaluating path: $['name']
]]></system-out>
  </testcase>
  <testcase name="testGetByNameNotFound" classname="guru.springfamework.domain.controllers.v1.CategoryControllerTest" time="0.283"/>
</testsuite>