<?xml version="1.0" encoding="UTF-8"?>
<testsuite xmlns:xsi="http://www.w3.org/2001/XMLSchema-instance" xsi:noNamespaceSchemaLocation="https://maven.apache.org/surefire/maven-surefire-plugin/xsd/surefire-test-report.xsd" name="guru.springfamework.services.CustomerServiceImplITTest" time="5.347" tests="2" errors="0" skipped="0" failures="1">
  <properties>
[...]
</properties>
  <testcase name="testPatchCustomerUpdateLastName" classname="guru.springfamework.services.CustomerServiceImplITTest" time="0.91"/>
  <testcase name="testPatchCustomerUpdateFirstName" classname="guru.springfamework.services.CustomerServiceImplITTest" time="0.093">
    <failure message="&#10;Expected: &quot;UpdatedName&quot;&#10;     but: was &quot;Weston&quot;" type="java.lang.AssertionError">java.lang.AssertionError: 

Expected: "UpdatedName"
     but: was "Weston"
	at guru.springfamework.services.CustomerServiceImplITTest.testPatchCustomerUpdateFirstName(CustomerServiceImplITTest.java:74)
</failure>
    <system-out><![CDATA[2022-02-24 15:37:10.075  INFO 7244 --- [           main] o.s.t.c.transaction.TransactionContext   : Began transaction (1) for test context [DefaultTestContext@161f6623 testClass = CustomerServiceImplITTest, testInstance = guru.springfamework.services.CustomerServiceImplITTest@87220f1, testMethod = testPatchCustomerUpdateFirstName@CustomerServiceImplITTest, testException = [null], mergedContextConfiguration = [MergedContextConfiguration@3e15bb06 testClass = CustomerServiceImplITTest, locations = '{}', classes = '{class guru.springfamework.Spring5MvcRestApplication}', contextInitializerClasses = '[]', activeProfiles = '{}', propertySourceLocations = '{}', propertySourceProperties = '{org.springframework.boot.test.autoconfigure.orm.jpa.DataJpaTestContextBootstrapper=true}', contextCustomizers = set[[ImportsContextCustomizer@6778aea6 key = [org.springframework.boot.autoconfigure.cache.CacheAutoConfiguration, org.springframework.boot.autoconfigure.data.jpa.JpaRepositoriesAutoConfiguration, org.springframework.boot.autoconfigure.flyway.FlywayAutoConfiguration, org.springframework.boot.autoconfigure.jdbc.DataSourceAutoConfiguration, org.springframework.boot.autoconfigure.jdbc.DataSourceTransactionManagerAutoConfiguration, org.springframework.boot.autoconfigure.jdbc.JdbcTemplateAutoConfiguration, org.springframework.boot.autoconfigure.liquibase.LiquibaseAutoConfiguration, org.springframework.boot.autoconfigure.orm.jpa.HibernateJpaAutoConfiguration, org.springframework.boot.autoconfigure.transaction.TransactionAutoConfiguration, org.springframework.boot.test.autoconfigure.jdbc.TestDatabaseAutoConfiguration, org.springframework.boot.test.autoconfigure.orm.jpa.TestEntityManagerAutoConfiguration]], org.springframework.boot.test.context.filter.ExcludeFilterContextCustomizer@2acbc859, org.springframework.boot.test.json.DuplicateJsonObjectContextCustomizerFactory$DuplicateJsonObjectContextCustomizer@e322ec9, org.springframework.boot.test.mock.mockito.MockitoContextCustomizer@0, org.springframework.boot.test.autoconfigure.OverrideAutoConfigurationContextCustomizerFactory$DisableAutoConfigurationContextCustomizer@41ffaeb8, org.springframework.boot.test.autoconfigure.filter.TypeExcludeFiltersContextCustomizer@351584c0, org.springframework.boot.test.autoconfigure.properties.PropertyMappingContextCustomizer@3acea418, org.springframework.boot.test.autoconfigure.web.servlet.WebDriverContextCustomizerFactory$Customizer@14d8444b], contextLoader = 'org.springframework.boot.test.context.SpringBootContextLoader', parent = [null]], attributes = map[[empty]]]; transaction manager [org.springframework.orm.jpa.JpaTransactionManager@5e541ef9]; rollback [true]
Loading Customer Data
Hibernate: select customer0_.id as id1_1_, customer0_.first_name as first_na2_1_, customer0_.last_name as last_nam3_1_ from customer customer0_
0
Hibernate: insert into category (id, name) values (null, ?)
Hibernate: insert into category (id, name) values (null, ?)
Hibernate: insert into category (id, name) values (null, ?)
Hibernate: insert into category (id, name) values (null, ?)
Hibernate: insert into category (id, name) values (null, ?)
Hibernate: select count(*) as col_0_0_ from category category0_
Data Loaded = 5
Hibernate: select customer0_.id as id1_1_0_, customer0_.first_name as first_na2_1_0_, customer0_.last_name as last_nam3_1_0_ from customer customer0_ where customer0_.id=?
Hibernate: insert into customer (id, first_name, last_name) values (null, ?, ?)
Hibernate: select customer0_.id as id1_1_0_, customer0_.first_name as first_na2_1_0_, customer0_.last_name as last_nam3_1_0_ from customer customer0_ where customer0_.id=?
Hibernate: insert into customer (id, first_name, last_name) values (null, ?, ?)
Hibernate: select count(*) as col_0_0_ from customer customer0_
Customers Loaded: 2
Hibernate: insert into vendor (id, name) values (null, ?)
Hibernate: insert into vendor (id, name) values (null, ?)
Hibernate: select count(*) as col_0_0_ from vendor vendor0_
Vendors Loaded: 2
Hibernate: select customer0_.id as id1_1_, customer0_.first_name as first_na2_1_, customer0_.last_name as last_nam3_1_ from customer customer0_
Customers found: 2
2022-02-24 15:37:10.141  INFO 7244 --- [           main] o.s.t.c.transaction.TransactionContext   : Rolled back transaction for test: [DefaultTestContext@161f6623 testClass = CustomerServiceImplITTest, testInstance = guru.springfamework.services.CustomerServiceImplITTest@87220f1, testMethod = testPatchCustomerUpdateFirstName@CustomerServiceImplITTest, testException = java.lang.AssertionError: 
Expected: "UpdatedName"
     but: was "Weston", mergedContextConfiguration = [MergedContextConfiguration@3e15bb06 testClass = CustomerServiceImplITTest, locations = '{}', classes = '{class guru.springfamework.Spring5MvcRestApplication}', contextInitializerClasses = '[]', activeProfiles = '{}', propertySourceLocations = '{}', propertySourceProperties = '{org.springframework.boot.test.autoconfigure.orm.jpa.DataJpaTestContextBootstrapper=true}', contextCustomizers = set[[ImportsContextCustomizer@6778aea6 key = [org.springframework.boot.autoconfigure.cache.CacheAutoConfiguration, org.springframework.boot.autoconfigure.data.jpa.JpaRepositoriesAutoConfiguration, org.springframework.boot.autoconfigure.flyway.FlywayAutoConfiguration, org.springframework.boot.autoconfigure.jdbc.DataSourceAutoConfiguration, org.springframework.boot.autoconfigure.jdbc.DataSourceTransactionManagerAutoConfiguration, org.springframework.boot.autoconfigure.jdbc.JdbcTemplateAutoConfiguration, org.springframework.boot.autoconfigure.liquibase.LiquibaseAutoConfiguration, org.springframework.boot.autoconfigure.orm.jpa.HibernateJpaAutoConfiguration, org.springframework.boot.autoconfigure.transaction.TransactionAutoConfiguration, org.springframework.boot.test.autoconfigure.jdbc.TestDatabaseAutoConfiguration, org.springframework.boot.test.autoconfigure.orm.jpa.TestEntityManagerAutoConfiguration]], org.springframework.boot.test.context.filter.ExcludeFilterContextCustomizer@2acbc859, org.springframework.boot.test.json.DuplicateJsonObjectContextCustomizerFactory$DuplicateJsonObjectContextCustomizer@e322ec9, org.springframework.boot.test.mock.mockito.MockitoContextCustomizer@0, org.springframework.boot.test.autoconfigure.OverrideAutoConfigurationContextCustomizerFactory$DisableAutoConfigurationContextCustomizer@41ffaeb8, org.springframework.boot.test.autoconfigure.filter.TypeExcludeFiltersContextCustomizer@351584c0, org.springframework.boot.test.autoconfigure.properties.PropertyMappingContextCustomizer@3acea418, org.springframework.boot.test.autoconfigure.web.servlet.WebDriverContextCustomizerFactory$Customizer@14d8444b], contextLoader = 'org.springframework.boot.test.context.SpringBootContextLoader', parent = [null]], attributes = map[[empty]]]
]]></system-out>
  </testcase>
</testsuite>